2014-02-13 12:48:45,570 - [INFO] - from play in pool-4-thread-3 
Listening for HTTP on /0:0:0:0:0:0:0:0:9000

2014-02-13 12:48:58,147 - [INFO] - from play in play-internal-execution-context-1 
Application started (Dev)

2014-02-13 12:49:01,362 - [ERROR] - from play in play-internal-execution-context-2 
Cannot invoke the action, eventually got an error: java.lang.NullPointerException

2014-02-13 12:49:01,383 - [ERROR] - from application in play-internal-execution-context-2 


! @6h90j35b7 - Internal server error, for (GET) [/jouer] ->

play.api.Application$$anon$1: Execution exception[[NullPointerException: null]]
	at play.api.Application$class.handleError(Application.scala:293) ~[play_2.10.jar:2.2.1]
	at play.api.DefaultApplication.handleError(Application.scala:399) ~[play_2.10.jar:2.2.1]
	at play.core.server.netty.PlayDefaultUpstreamHandler$$anonfun$2$$anonfun$applyOrElse$3.apply(PlayDefaultUpstreamHandler.scala:261) ~[play_2.10.jar:2.2.1]
	at play.core.server.netty.PlayDefaultUpstreamHandler$$anonfun$2$$anonfun$applyOrElse$3.apply(PlayDefaultUpstreamHandler.scala:261) ~[play_2.10.jar:2.2.1]
	at scala.Option.map(Option.scala:145) ~[scala-library.jar:na]
	at play.core.server.netty.PlayDefaultUpstreamHandler$$anonfun$2.applyOrElse(PlayDefaultUpstreamHandler.scala:261) ~[play_2.10.jar:2.2.1]
	at play.core.server.netty.PlayDefaultUpstreamHandler$$anonfun$2.applyOrElse(PlayDefaultUpstreamHandler.scala:257) ~[play_2.10.jar:2.2.1]
	at scala.runtime.AbstractPartialFunction.apply(AbstractPartialFunction.scala:33) ~[scala-library.jar:na]
	at scala.concurrent.Future$$anonfun$recoverWith$1.apply(Future.scala:411) ~[scala-library.jar:na]
	at scala.concurrent.Future$$anonfun$recoverWith$1.apply(Future.scala:408) ~[scala-library.jar:na]
	at scala.concurrent.impl.CallbackRunnable.run(Promise.scala:29) ~[scala-library.jar:na]
	at play.api.libs.iteratee.Execution$$anon$1.execute(Execution.scala:43) ~[play-iteratees_2.10.jar:2.2.1]
	at scala.concurrent.impl.CallbackRunnable.executeWithValue(Promise.scala:37) ~[scala-library.jar:na]
	at scala.concurrent.impl.Promise$DefaultPromise.tryComplete(Promise.scala:133) ~[scala-library.jar:na]
	at scala.concurrent.Promise$class.complete(Promise.scala:55) ~[scala-library.jar:na]
	at scala.concurrent.impl.Promise$DefaultPromise.complete(Promise.scala:58) ~[scala-library.jar:na]
	at scala.concurrent.Future$$anonfun$map$1.apply(Future.scala:254) ~[scala-library.jar:na]
	at scala.concurrent.Future$$anonfun$map$1.apply(Future.scala:249) ~[scala-library.jar:na]
	at scala.concurrent.impl.CallbackRunnable.run(Promise.scala:29) ~[scala-library.jar:na]
	at scala.concurrent.forkjoin.ForkJoinTask$AdaptedRunnableAction.exec(ForkJoinTask.java:1361) ~[scala-library.jar:na]
	at scala.concurrent.forkjoin.ForkJoinTask.doExec(ForkJoinTask.java:260) ~[scala-library.jar:na]
	at scala.concurrent.forkjoin.ForkJoinPool$WorkQueue.runTask(ForkJoinPool.java:1339) ~[scala-library.jar:na]
	at scala.concurrent.forkjoin.ForkJoinPool.runWorker(ForkJoinPool.java:1979) ~[scala-library.jar:na]
	at scala.concurrent.forkjoin.ForkJoinWorkerThread.run(ForkJoinWorkerThread.java:107) ~[scala-library.jar:na]
Caused by: java.lang.NullPointerException: null
	at models.Carte.getCase(Carte.java:36) ~[classes/:na]
	at views.html.plateau$$anonfun$apply$1$$anonfun$apply$2.apply(plateau.template.scala:43) ~[classes/:na]
	at views.html.plateau$$anonfun$apply$1$$anonfun$apply$2.apply(plateau.template.scala:41) ~[classes/:na]
	at scala.collection.TraversableLike$$anonfun$map$1.apply(TraversableLike.scala:244) ~[scala-library.jar:na]
	at scala.collection.TraversableLike$$anonfun$map$1.apply(TraversableLike.scala:244) ~[scala-library.jar:na]
	at scala.collection.IndexedSeqOptimized$class.foreach(IndexedSeqOptimized.scala:33) ~[scala-library.jar:na]
	at scala.collection.mutable.ArrayOps$ofRef.foreach(ArrayOps.scala:108) ~[scala-library.jar:na]
	at scala.collection.TraversableLike$class.map(TraversableLike.scala:244) ~[scala-library.jar:na]
	at scala.collection.mutable.ArrayOps$ofRef.map(ArrayOps.scala:108) ~[scala-library.jar:na]
	at views.html.plateau$$anonfun$apply$1.apply(plateau.template.scala:41) ~[classes/:na]
	at views.html.plateau$$anonfun$apply$1.apply(plateau.template.scala:39) ~[classes/:na]
	at scala.collection.TraversableLike$$anonfun$map$1.apply(TraversableLike.scala:244) ~[scala-library.jar:na]
	at scala.collection.TraversableLike$$anonfun$map$1.apply(TraversableLike.scala:244) ~[scala-library.jar:na]
	at scala.collection.IndexedSeqOptimized$class.foreach(IndexedSeqOptimized.scala:33) ~[scala-library.jar:na]
	at scala.collection.mutable.ArrayOps$ofRef.foreach(ArrayOps.scala:108) ~[scala-library.jar:na]
	at scala.collection.TraversableLike$class.map(TraversableLike.scala:244) ~[scala-library.jar:na]
	at scala.collection.mutable.ArrayOps$ofRef.map(ArrayOps.scala:108) ~[scala-library.jar:na]
	at views.html.plateau$.apply(plateau.template.scala:39) ~[classes/:na]
	at views.html.plateau$.render(plateau.template.scala:100) ~[classes/:na]
	at views.html.plateau.render(plateau.template.scala) ~[classes/:na]
	at controllers.Application.plateau(Application.java:21) ~[classes/:na]
	at Routes$$anonfun$routes$1$$anonfun$applyOrElse$2$$anonfun$apply$2.apply(routes_routing.scala:73) ~[classes/:na]
	at Routes$$anonfun$routes$1$$anonfun$applyOrElse$2$$anonfun$apply$2.apply(routes_routing.scala:73) ~[classes/:na]
	at play.core.Router$HandlerInvoker$$anon$7$$anon$2.invocation(Router.scala:183) ~[play_2.10.jar:2.2.1]
	at play.core.Router$Routes$$anon$1.invocation(Router.scala:377) ~[play_2.10.jar:2.2.1]
	at play.core.j.JavaAction$$anon$1.call(JavaAction.scala:56) ~[play_2.10.jar:2.2.1]
	at play.core.j.JavaAction$$anon$3.apply(JavaAction.scala:91) ~[play_2.10.jar:2.2.1]
	at play.core.j.JavaAction$$anon$3.apply(JavaAction.scala:90) ~[play_2.10.jar:2.2.1]
	at play.core.j.FPromiseHelper$$anonfun$flatMap$1.apply(FPromiseHelper.scala:82) ~[play_2.10.jar:2.2.1]
	at play.core.j.FPromiseHelper$$anonfun$flatMap$1.apply(FPromiseHelper.scala:82) ~[play_2.10.jar:2.2.1]
	at scala.concurrent.Future$$anonfun$flatMap$1.apply(Future.scala:278) ~[scala-library.jar:na]
	at scala.concurrent.Future$$anonfun$flatMap$1.apply(Future.scala:274) ~[scala-library.jar:na]
	at scala.concurrent.impl.CallbackRunnable.run(Promise.scala:29) ~[scala-library.jar:na]
	at play.core.j.HttpExecutionContext$$anon$2.run(HttpExecutionContext.scala:37) ~[play_2.10.jar:2.2.1]
	at akka.dispatch.TaskInvocation.run(AbstractDispatcher.scala:42) ~[akka-actor_2.10.jar:2.2.0]
	at akka.dispatch.ForkJoinExecutorConfigurator$AkkaForkJoinTask.exec(AbstractDispatcher.scala:386) ~[akka-actor_2.10.jar:2.2.0]
	... 4 common frames omitted

2014-02-13 12:50:04,671 - [INFO] - from play in play-internal-execution-context-2 
Application started (Dev)

2014-02-13 12:50:04,698 - [ERROR] - from play in play-internal-execution-context-3 
Cannot invoke the action, eventually got an error: java.lang.NullPointerException

2014-02-13 12:50:04,714 - [ERROR] - from application in play-internal-execution-context-3 


! @6h90j6l38 - Internal server error, for (GET) [/jouer] ->

play.api.Application$$anon$1: Execution exception[[NullPointerException: null]]
	at play.api.Application$class.handleError(Application.scala:293) ~[play_2.10.jar:2.2.1]
	at play.api.DefaultApplication.handleError(Application.scala:399) ~[play_2.10.jar:2.2.1]
	at play.core.server.netty.PlayDefaultUpstreamHandler$$anonfun$2$$anonfun$applyOrElse$3.apply(PlayDefaultUpstreamHandler.scala:261) ~[play_2.10.jar:2.2.1]
	at play.core.server.netty.PlayDefaultUpstreamHandler$$anonfun$2$$anonfun$applyOrElse$3.apply(PlayDefaultUpstreamHandler.scala:261) ~[play_2.10.jar:2.2.1]
	at scala.Option.map(Option.scala:145) ~[scala-library.jar:na]
	at play.core.server.netty.PlayDefaultUpstreamHandler$$anonfun$2.applyOrElse(PlayDefaultUpstreamHandler.scala:261) ~[play_2.10.jar:2.2.1]
	at play.core.server.netty.PlayDefaultUpstreamHandler$$anonfun$2.applyOrElse(PlayDefaultUpstreamHandler.scala:257) ~[play_2.10.jar:2.2.1]
	at scala.runtime.AbstractPartialFunction.apply(AbstractPartialFunction.scala:33) ~[scala-library.jar:na]
	at scala.concurrent.Future$$anonfun$recoverWith$1.apply(Future.scala:411) ~[scala-library.jar:na]
	at scala.concurrent.Future$$anonfun$recoverWith$1.apply(Future.scala:408) ~[scala-library.jar:na]
	at scala.concurrent.impl.CallbackRunnable.run(Promise.scala:29) ~[scala-library.jar:na]
	at play.api.libs.iteratee.Execution$$anon$1.execute(Execution.scala:43) ~[play-iteratees_2.10.jar:2.2.1]
	at scala.concurrent.impl.CallbackRunnable.executeWithValue(Promise.scala:37) ~[scala-library.jar:na]
	at scala.concurrent.impl.Promise$DefaultPromise.tryComplete(Promise.scala:133) ~[scala-library.jar:na]
	at scala.concurrent.Promise$class.complete(Promise.scala:55) ~[scala-library.jar:na]
	at scala.concurrent.impl.Promise$DefaultPromise.complete(Promise.scala:58) ~[scala-library.jar:na]
	at scala.concurrent.Future$$anonfun$map$1.apply(Future.scala:254) ~[scala-library.jar:na]
	at scala.concurrent.Future$$anonfun$map$1.apply(Future.scala:249) ~[scala-library.jar:na]
	at scala.concurrent.impl.CallbackRunnable.run(Promise.scala:29) ~[scala-library.jar:na]
	at scala.concurrent.forkjoin.ForkJoinTask$AdaptedRunnableAction.exec(ForkJoinTask.java:1361) ~[scala-library.jar:na]
	at scala.concurrent.forkjoin.ForkJoinTask.doExec(ForkJoinTask.java:260) ~[scala-library.jar:na]
	at scala.concurrent.forkjoin.ForkJoinPool$WorkQueue.runTask(ForkJoinPool.java:1339) ~[scala-library.jar:na]
	at scala.concurrent.forkjoin.ForkJoinPool.runWorker(ForkJoinPool.java:1979) ~[scala-library.jar:na]
	at scala.concurrent.forkjoin.ForkJoinWorkerThread.run(ForkJoinWorkerThread.java:107) ~[scala-library.jar:na]
Caused by: java.lang.NullPointerException: null
	at models.Carte.getCase(Carte.java:36) ~[classes/:na]
	at views.html.plateau$$anonfun$apply$1$$anonfun$apply$2.apply(plateau.template.scala:43) ~[classes/:na]
	at views.html.plateau$$anonfun$apply$1$$anonfun$apply$2.apply(plateau.template.scala:41) ~[classes/:na]
	at scala.collection.TraversableLike$$anonfun$map$1.apply(TraversableLike.scala:244) ~[scala-library.jar:na]
	at scala.collection.TraversableLike$$anonfun$map$1.apply(TraversableLike.scala:244) ~[scala-library.jar:na]
	at scala.collection.IndexedSeqOptimized$class.foreach(IndexedSeqOptimized.scala:33) ~[scala-library.jar:na]
	at scala.collection.mutable.ArrayOps$ofRef.foreach(ArrayOps.scala:108) ~[scala-library.jar:na]
	at scala.collection.TraversableLike$class.map(TraversableLike.scala:244) ~[scala-library.jar:na]
	at scala.collection.mutable.ArrayOps$ofRef.map(ArrayOps.scala:108) ~[scala-library.jar:na]
	at views.html.plateau$$anonfun$apply$1.apply(plateau.template.scala:41) ~[classes/:na]
	at views.html.plateau$$anonfun$apply$1.apply(plateau.template.scala:39) ~[classes/:na]
	at scala.collection.TraversableLike$$anonfun$map$1.apply(TraversableLike.scala:244) ~[scala-library.jar:na]
	at scala.collection.TraversableLike$$anonfun$map$1.apply(TraversableLike.scala:244) ~[scala-library.jar:na]
	at scala.collection.IndexedSeqOptimized$class.foreach(IndexedSeqOptimized.scala:33) ~[scala-library.jar:na]
	at scala.collection.mutable.ArrayOps$ofRef.foreach(ArrayOps.scala:108) ~[scala-library.jar:na]
	at scala.collection.TraversableLike$class.map(TraversableLike.scala:244) ~[scala-library.jar:na]
	at scala.collection.mutable.ArrayOps$ofRef.map(ArrayOps.scala:108) ~[scala-library.jar:na]
	at views.html.plateau$.apply(plateau.template.scala:39) ~[classes/:na]
	at views.html.plateau$.render(plateau.template.scala:100) ~[classes/:na]
	at views.html.plateau.render(plateau.template.scala) ~[classes/:na]
	at controllers.Application.plateau(Application.java:21) ~[classes/:na]
	at Routes$$anonfun$routes$1$$anonfun$applyOrElse$2$$anonfun$apply$2.apply(routes_routing.scala:73) ~[classes/:na]
	at Routes$$anonfun$routes$1$$anonfun$applyOrElse$2$$anonfun$apply$2.apply(routes_routing.scala:73) ~[classes/:na]
	at play.core.Router$HandlerInvoker$$anon$7$$anon$2.invocation(Router.scala:183) ~[play_2.10.jar:2.2.1]
	at play.core.Router$Routes$$anon$1.invocation(Router.scala:377) ~[play_2.10.jar:2.2.1]
	at play.core.j.JavaAction$$anon$1.call(JavaAction.scala:56) ~[play_2.10.jar:2.2.1]
	at play.core.j.JavaAction$$anon$3.apply(JavaAction.scala:91) ~[play_2.10.jar:2.2.1]
	at play.core.j.JavaAction$$anon$3.apply(JavaAction.scala:90) ~[play_2.10.jar:2.2.1]
	at play.core.j.FPromiseHelper$$anonfun$flatMap$1.apply(FPromiseHelper.scala:82) ~[play_2.10.jar:2.2.1]
	at play.core.j.FPromiseHelper$$anonfun$flatMap$1.apply(FPromiseHelper.scala:82) ~[play_2.10.jar:2.2.1]
	at scala.concurrent.Future$$anonfun$flatMap$1.apply(Future.scala:278) ~[scala-library.jar:na]
	at scala.concurrent.Future$$anonfun$flatMap$1.apply(Future.scala:274) ~[scala-library.jar:na]
	at scala.concurrent.impl.CallbackRunnable.run(Promise.scala:29) ~[scala-library.jar:na]
	at play.core.j.HttpExecutionContext$$anon$2.run(HttpExecutionContext.scala:37) ~[play_2.10.jar:2.2.1]
	at akka.dispatch.TaskInvocation.run(AbstractDispatcher.scala:42) ~[akka-actor_2.10.jar:2.2.0]
	at akka.dispatch.ForkJoinExecutorConfigurator$AkkaForkJoinTask.exec(AbstractDispatcher.scala:386) ~[akka-actor_2.10.jar:2.2.0]
	... 4 common frames omitted

2014-02-13 12:50:04,836 - [ERROR] - from play in play-internal-execution-context-2 
Cannot invoke the action, eventually got an error: java.lang.NullPointerException

2014-02-13 12:50:04,838 - [ERROR] - from application in play-internal-execution-context-2 


! @6h90j6l83 - Internal server error, for (GET) [/jouer] ->

play.api.Application$$anon$1: Execution exception[[NullPointerException: null]]
	at play.api.Application$class.handleError(Application.scala:293) ~[play_2.10.jar:2.2.1]
	at play.api.DefaultApplication.handleError(Application.scala:399) ~[play_2.10.jar:2.2.1]
	at play.core.server.netty.PlayDefaultUpstreamHandler$$anonfun$2$$anonfun$applyOrElse$3.apply(PlayDefaultUpstreamHandler.scala:261) ~[play_2.10.jar:2.2.1]
	at play.core.server.netty.PlayDefaultUpstreamHandler$$anonfun$2$$anonfun$applyOrElse$3.apply(PlayDefaultUpstreamHandler.scala:261) ~[play_2.10.jar:2.2.1]
	at scala.Option.map(Option.scala:145) ~[scala-library.jar:na]
	at play.core.server.netty.PlayDefaultUpstreamHandler$$anonfun$2.applyOrElse(PlayDefaultUpstreamHandler.scala:261) ~[play_2.10.jar:2.2.1]
	at play.core.server.netty.PlayDefaultUpstreamHandler$$anonfun$2.applyOrElse(PlayDefaultUpstreamHandler.scala:257) ~[play_2.10.jar:2.2.1]
	at scala.runtime.AbstractPartialFunction.apply(AbstractPartialFunction.scala:33) ~[scala-library.jar:na]
	at scala.concurrent.Future$$anonfun$recoverWith$1.apply(Future.scala:411) ~[scala-library.jar:na]
	at scala.concurrent.Future$$anonfun$recoverWith$1.apply(Future.scala:408) ~[scala-library.jar:na]
	at scala.concurrent.impl.CallbackRunnable.run(Promise.scala:29) ~[scala-library.jar:na]
	at play.api.libs.iteratee.Execution$$anon$1.execute(Execution.scala:43) ~[play-iteratees_2.10.jar:2.2.1]
	at scala.concurrent.impl.CallbackRunnable.executeWithValue(Promise.scala:37) ~[scala-library.jar:na]
	at scala.concurrent.impl.Promise$DefaultPromise.tryComplete(Promise.scala:133) ~[scala-library.jar:na]
	at scala.concurrent.Promise$class.complete(Promise.scala:55) ~[scala-library.jar:na]
	at scala.concurrent.impl.Promise$DefaultPromise.complete(Promise.scala:58) ~[scala-library.jar:na]
	at scala.concurrent.Future$$anonfun$map$1.apply(Future.scala:254) ~[scala-library.jar:na]
	at scala.concurrent.Future$$anonfun$map$1.apply(Future.scala:249) ~[scala-library.jar:na]
	at scala.concurrent.impl.CallbackRunnable.run(Promise.scala:29) ~[scala-library.jar:na]
	at scala.concurrent.forkjoin.ForkJoinTask$AdaptedRunnableAction.exec(ForkJoinTask.java:1361) ~[scala-library.jar:na]
	at scala.concurrent.forkjoin.ForkJoinTask.doExec(ForkJoinTask.java:260) ~[scala-library.jar:na]
	at scala.concurrent.forkjoin.ForkJoinPool$WorkQueue.runTask(ForkJoinPool.java:1339) ~[scala-library.jar:na]
	at scala.concurrent.forkjoin.ForkJoinPool.runWorker(ForkJoinPool.java:1979) ~[scala-library.jar:na]
	at scala.concurrent.forkjoin.ForkJoinWorkerThread.run(ForkJoinWorkerThread.java:107) ~[scala-library.jar:na]
Caused by: java.lang.NullPointerException: null
	at models.Carte.getCase(Carte.java:36) ~[classes/:na]
	at views.html.plateau$$anonfun$apply$1$$anonfun$apply$2.apply(plateau.template.scala:43) ~[classes/:na]
	at views.html.plateau$$anonfun$apply$1$$anonfun$apply$2.apply(plateau.template.scala:41) ~[classes/:na]
	at scala.collection.TraversableLike$$anonfun$map$1.apply(TraversableLike.scala:244) ~[scala-library.jar:na]
	at scala.collection.TraversableLike$$anonfun$map$1.apply(TraversableLike.scala:244) ~[scala-library.jar:na]
	at scala.collection.IndexedSeqOptimized$class.foreach(IndexedSeqOptimized.scala:33) ~[scala-library.jar:na]
	at scala.collection.mutable.ArrayOps$ofRef.foreach(ArrayOps.scala:108) ~[scala-library.jar:na]
	at scala.collection.TraversableLike$class.map(TraversableLike.scala:244) ~[scala-library.jar:na]
	at scala.collection.mutable.ArrayOps$ofRef.map(ArrayOps.scala:108) ~[scala-library.jar:na]
	at views.html.plateau$$anonfun$apply$1.apply(plateau.template.scala:41) ~[classes/:na]
	at views.html.plateau$$anonfun$apply$1.apply(plateau.template.scala:39) ~[classes/:na]
	at scala.collection.TraversableLike$$anonfun$map$1.apply(TraversableLike.scala:244) ~[scala-library.jar:na]
	at scala.collection.TraversableLike$$anonfun$map$1.apply(TraversableLike.scala:244) ~[scala-library.jar:na]
	at scala.collection.IndexedSeqOptimized$class.foreach(IndexedSeqOptimized.scala:33) ~[scala-library.jar:na]
	at scala.collection.mutable.ArrayOps$ofRef.foreach(ArrayOps.scala:108) ~[scala-library.jar:na]
	at scala.collection.TraversableLike$class.map(TraversableLike.scala:244) ~[scala-library.jar:na]
	at scala.collection.mutable.ArrayOps$ofRef.map(ArrayOps.scala:108) ~[scala-library.jar:na]
	at views.html.plateau$.apply(plateau.template.scala:39) ~[classes/:na]
	at views.html.plateau$.render(plateau.template.scala:100) ~[classes/:na]
	at views.html.plateau.render(plateau.template.scala) ~[classes/:na]
	at controllers.Application.plateau(Application.java:21) ~[classes/:na]
	at Routes$$anonfun$routes$1$$anonfun$applyOrElse$2$$anonfun$apply$2.apply(routes_routing.scala:73) ~[classes/:na]
	at Routes$$anonfun$routes$1$$anonfun$applyOrElse$2$$anonfun$apply$2.apply(routes_routing.scala:73) ~[classes/:na]
	at play.core.Router$HandlerInvoker$$anon$7$$anon$2.invocation(Router.scala:183) ~[play_2.10.jar:2.2.1]
	at play.core.Router$Routes$$anon$1.invocation(Router.scala:377) ~[play_2.10.jar:2.2.1]
	at play.core.j.JavaAction$$anon$1.call(JavaAction.scala:56) ~[play_2.10.jar:2.2.1]
	at play.core.j.JavaAction$$anon$3.apply(JavaAction.scala:91) ~[play_2.10.jar:2.2.1]
	at play.core.j.JavaAction$$anon$3.apply(JavaAction.scala:90) ~[play_2.10.jar:2.2.1]
	at play.core.j.FPromiseHelper$$anonfun$flatMap$1.apply(FPromiseHelper.scala:82) ~[play_2.10.jar:2.2.1]
	at play.core.j.FPromiseHelper$$anonfun$flatMap$1.apply(FPromiseHelper.scala:82) ~[play_2.10.jar:2.2.1]
	at scala.concurrent.Future$$anonfun$flatMap$1.apply(Future.scala:278) ~[scala-library.jar:na]
	at scala.concurrent.Future$$anonfun$flatMap$1.apply(Future.scala:274) ~[scala-library.jar:na]
	at scala.concurrent.impl.CallbackRunnable.run(Promise.scala:29) ~[scala-library.jar:na]
	at play.core.j.HttpExecutionContext$$anon$2.run(HttpExecutionContext.scala:37) ~[play_2.10.jar:2.2.1]
	at akka.dispatch.TaskInvocation.run(AbstractDispatcher.scala:42) ~[akka-actor_2.10.jar:2.2.0]
	at akka.dispatch.ForkJoinExecutorConfigurator$AkkaForkJoinTask.exec(AbstractDispatcher.scala:386) ~[akka-actor_2.10.jar:2.2.0]
	... 4 common frames omitted

2014-02-13 12:50:43,459 - [INFO] - from play in play-internal-execution-context-3 
Application started (Dev)

2014-02-13 12:50:54,344 - [INFO] - from play in play-internal-execution-context-3 
Application started (Dev)

2014-02-13 12:52:07,530 - [INFO] - from play in play-internal-execution-context-3 
Application started (Dev)

2014-02-13 12:56:03,828 - [INFO] - from play in play-internal-execution-context-3 
Application started (Dev)

2014-02-13 12:59:23,736 - [INFO] - from play in play-internal-execution-context-6 
Application started (Dev)

2014-02-13 13:00:21,097 - [INFO] - from play in play-internal-execution-context-6 
Application started (Dev)

2014-02-13 13:01:36,477 - [INFO] - from play in play-internal-execution-context-6 
Application started (Dev)

2014-02-13 13:02:48,537 - [INFO] - from play in play-internal-execution-context-6 
Application started (Dev)

2014-02-13 13:03:01,218 - [INFO] - from play in play-internal-execution-context-6 
Application started (Dev)

2014-02-13 13:03:55,553 - [ERROR] - from application in New I/O worker #2 


! @6h90l2245 - Internal server error, for (GET) [/jouer/informations?i=0&j=0] ->

play.PlayExceptions$CompilationException: Compilation error[not found: value cellule]
	at play.PlayReloader$$anon$1$$anonfun$reload$2$$anonfun$apply$14$$anonfun$apply$16.apply(PlayReloader.scala:304) ~[na:na]
	at play.PlayReloader$$anon$1$$anonfun$reload$2$$anonfun$apply$14$$anonfun$apply$16.apply(PlayReloader.scala:304) ~[na:na]
	at scala.Option.map(Option.scala:145) ~[scala-library.jar:na]
	at play.PlayReloader$$anon$1$$anonfun$reload$2$$anonfun$apply$14.apply(PlayReloader.scala:304) ~[na:na]
	at play.PlayReloader$$anon$1$$anonfun$reload$2$$anonfun$apply$14.apply(PlayReloader.scala:298) ~[na:na]
	at scala.Option.map(Option.scala:145) ~[scala-library.jar:na]
	at play.PlayReloader$$anon$1$$anonfun$reload$2.apply(PlayReloader.scala:298) ~[na:na]
	at play.PlayReloader$$anon$1$$anonfun$reload$2.apply(PlayReloader.scala:296) ~[na:na]
	at scala.util.Either$LeftProjection.map(Either.scala:377) ~[scala-library.jar:na]
	at play.PlayReloader$$anon$1.reload(PlayReloader.scala:296) ~[na:na]
	at play.core.ReloadableApplication$$anonfun$get$1.apply(ApplicationProvider.scala:104) ~[play_2.10.jar:2.2.1]
	at play.core.ReloadableApplication$$anonfun$get$1.apply(ApplicationProvider.scala:102) ~[play_2.10.jar:2.2.1]
	at scala.concurrent.impl.Future$PromiseCompletingRunnable.liftedTree1$1(Future.scala:24) ~[scala-library.jar:na]
	at scala.concurrent.impl.Future$PromiseCompletingRunnable.run(Future.scala:24) ~[scala-library.jar:na]
	at scala.concurrent.forkjoin.ForkJoinTask$AdaptedRunnableAction.exec(ForkJoinTask.java:1361) ~[scala-library.jar:na]
	at scala.concurrent.forkjoin.ForkJoinTask.doExec(ForkJoinTask.java:260) ~[scala-library.jar:na]
	at scala.concurrent.forkjoin.ForkJoinPool$WorkQueue.runTask(ForkJoinPool.java:1339) ~[scala-library.jar:na]
	at scala.concurrent.forkjoin.ForkJoinPool.runWorker(ForkJoinPool.java:1979) ~[scala-library.jar:na]
	at scala.concurrent.forkjoin.ForkJoinWorkerThread.run(ForkJoinWorkerThread.java:107) ~[scala-library.jar:na]

2014-02-13 13:04:22,843 - [INFO] - from play in play-internal-execution-context-6 
Application started (Dev)

2014-02-13 13:05:23,144 - [INFO] - from play in play-internal-execution-context-6 
Application started (Dev)

2014-02-13 13:06:35,392 - [INFO] - from play in play-internal-execution-context-6 
Application started (Dev)

2014-02-13 13:06:55,218 - [ERROR] - from play in play-internal-execution-context-10 
Cannot invoke the action, eventually got an error: java.lang.NullPointerException

2014-02-13 13:06:55,226 - [ERROR] - from application in play-internal-execution-context-10 


! @6h90lc7p3 - Internal server error, for (GET) [/jouer/informations?i=7&j=9] ->

play.api.Application$$anon$1: Execution exception[[NullPointerException: null]]
	at play.api.Application$class.handleError(Application.scala:293) ~[play_2.10.jar:2.2.1]
	at play.api.DefaultApplication.handleError(Application.scala:399) ~[play_2.10.jar:2.2.1]
	at play.core.server.netty.PlayDefaultUpstreamHandler$$anonfun$2$$anonfun$applyOrElse$3.apply(PlayDefaultUpstreamHandler.scala:261) ~[play_2.10.jar:2.2.1]
	at play.core.server.netty.PlayDefaultUpstreamHandler$$anonfun$2$$anonfun$applyOrElse$3.apply(PlayDefaultUpstreamHandler.scala:261) ~[play_2.10.jar:2.2.1]
	at scala.Option.map(Option.scala:145) ~[scala-library.jar:na]
	at play.core.server.netty.PlayDefaultUpstreamHandler$$anonfun$2.applyOrElse(PlayDefaultUpstreamHandler.scala:261) ~[play_2.10.jar:2.2.1]
	at play.core.server.netty.PlayDefaultUpstreamHandler$$anonfun$2.applyOrElse(PlayDefaultUpstreamHandler.scala:257) ~[play_2.10.jar:2.2.1]
	at scala.runtime.AbstractPartialFunction.apply(AbstractPartialFunction.scala:33) ~[scala-library.jar:na]
	at scala.concurrent.Future$$anonfun$recoverWith$1.apply(Future.scala:411) ~[scala-library.jar:na]
	at scala.concurrent.Future$$anonfun$recoverWith$1.apply(Future.scala:408) ~[scala-library.jar:na]
	at scala.concurrent.impl.CallbackRunnable.run(Promise.scala:29) ~[scala-library.jar:na]
	at play.api.libs.iteratee.Execution$$anon$1.execute(Execution.scala:43) ~[play-iteratees_2.10.jar:2.2.1]
	at scala.concurrent.impl.CallbackRunnable.executeWithValue(Promise.scala:37) ~[scala-library.jar:na]
	at scala.concurrent.impl.Promise$DefaultPromise.tryComplete(Promise.scala:133) ~[scala-library.jar:na]
	at scala.concurrent.Promise$class.complete(Promise.scala:55) ~[scala-library.jar:na]
	at scala.concurrent.impl.Promise$DefaultPromise.complete(Promise.scala:58) ~[scala-library.jar:na]
	at scala.concurrent.Future$$anonfun$map$1.apply(Future.scala:254) ~[scala-library.jar:na]
	at scala.concurrent.Future$$anonfun$map$1.apply(Future.scala:249) ~[scala-library.jar:na]
	at scala.concurrent.impl.CallbackRunnable.run(Promise.scala:29) ~[scala-library.jar:na]
	at scala.concurrent.forkjoin.ForkJoinTask$AdaptedRunnableAction.exec(ForkJoinTask.java:1361) ~[scala-library.jar:na]
	at scala.concurrent.forkjoin.ForkJoinTask.doExec(ForkJoinTask.java:260) ~[scala-library.jar:na]
	at scala.concurrent.forkjoin.ForkJoinPool$WorkQueue.runTask(ForkJoinPool.java:1339) ~[scala-library.jar:na]
	at scala.concurrent.forkjoin.ForkJoinPool.runWorker(ForkJoinPool.java:1979) ~[scala-library.jar:na]
	at scala.concurrent.forkjoin.ForkJoinWorkerThread.run(ForkJoinWorkerThread.java:107) ~[scala-library.jar:na]
Caused by: java.lang.NullPointerException: null
	at views.html.plateau$$anonfun$apply$1$$anonfun$apply$2.apply(plateau.template.scala:45) ~[na:na]
	at views.html.plateau$$anonfun$apply$1$$anonfun$apply$2.apply(plateau.template.scala:41) ~[na:na]
	at scala.collection.TraversableLike$$anonfun$map$1.apply(TraversableLike.scala:244) ~[scala-library.jar:na]
	at scala.collection.TraversableLike$$anonfun$map$1.apply(TraversableLike.scala:244) ~[scala-library.jar:na]
	at scala.collection.IndexedSeqOptimized$class.foreach(IndexedSeqOptimized.scala:33) ~[scala-library.jar:na]
	at scala.collection.mutable.ArrayOps$ofRef.foreach(ArrayOps.scala:108) ~[scala-library.jar:na]
	at scala.collection.TraversableLike$class.map(TraversableLike.scala:244) ~[scala-library.jar:na]
	at scala.collection.mutable.ArrayOps$ofRef.map(ArrayOps.scala:108) ~[scala-library.jar:na]
	at views.html.plateau$$anonfun$apply$1.apply(plateau.template.scala:41) ~[na:na]
	at views.html.plateau$$anonfun$apply$1.apply(plateau.template.scala:39) ~[na:na]
	at scala.collection.TraversableLike$$anonfun$map$1.apply(TraversableLike.scala:244) ~[scala-library.jar:na]
	at scala.collection.TraversableLike$$anonfun$map$1.apply(TraversableLike.scala:244) ~[scala-library.jar:na]
	at scala.collection.IndexedSeqOptimized$class.foreach(IndexedSeqOptimized.scala:33) ~[scala-library.jar:na]
	at scala.collection.mutable.ArrayOps$ofRef.foreach(ArrayOps.scala:108) ~[scala-library.jar:na]
	at scala.collection.TraversableLike$class.map(TraversableLike.scala:244) ~[scala-library.jar:na]
	at scala.collection.mutable.ArrayOps$ofRef.map(ArrayOps.scala:108) ~[scala-library.jar:na]
	at views.html.plateau$.apply(plateau.template.scala:39) ~[na:na]
	at views.html.plateau$.render(plateau.template.scala:100) ~[na:na]
	at views.html.plateau.render(plateau.template.scala) ~[na:na]
	at controllers.Application.info(Application.java:28) ~[na:na]
	at Routes$$anonfun$routes$1$$anonfun$applyOrElse$3$$anonfun$apply$3.apply(routes_routing.scala:81) ~[na:na]
	at Routes$$anonfun$routes$1$$anonfun$applyOrElse$3$$anonfun$apply$3.apply(routes_routing.scala:81) ~[na:na]
	at play.core.Router$HandlerInvoker$$anon$7$$anon$2.invocation(Router.scala:183) ~[play_2.10.jar:2.2.1]
	at play.core.Router$Routes$$anon$1.invocation(Router.scala:377) ~[play_2.10.jar:2.2.1]
	at play.core.j.JavaAction$$anon$1.call(JavaAction.scala:56) ~[play_2.10.jar:2.2.1]
	at play.core.j.JavaAction$$anon$3.apply(JavaAction.scala:91) ~[play_2.10.jar:2.2.1]
	at play.core.j.JavaAction$$anon$3.apply(JavaAction.scala:90) ~[play_2.10.jar:2.2.1]
	at play.core.j.FPromiseHelper$$anonfun$flatMap$1.apply(FPromiseHelper.scala:82) ~[play_2.10.jar:2.2.1]
	at play.core.j.FPromiseHelper$$anonfun$flatMap$1.apply(FPromiseHelper.scala:82) ~[play_2.10.jar:2.2.1]
	at scala.concurrent.Future$$anonfun$flatMap$1.apply(Future.scala:278) ~[scala-library.jar:na]
	at scala.concurrent.Future$$anonfun$flatMap$1.apply(Future.scala:274) ~[scala-library.jar:na]
	at scala.concurrent.impl.CallbackRunnable.run(Promise.scala:29) ~[scala-library.jar:na]
	at play.core.j.HttpExecutionContext$$anon$2.run(HttpExecutionContext.scala:37) ~[play_2.10.jar:2.2.1]
	at akka.dispatch.TaskInvocation.run(AbstractDispatcher.scala:42) ~[akka-actor_2.10.jar:2.2.0]
	at akka.dispatch.ForkJoinExecutorConfigurator$AkkaForkJoinTask.exec(AbstractDispatcher.scala:386) ~[akka-actor_2.10.jar:2.2.0]
	... 4 common frames omitted

2014-02-13 13:07:11,009 - [ERROR] - from play in play-internal-execution-context-10 
Cannot invoke the action, eventually got an error: java.lang.NullPointerException

2014-02-13 13:07:11,013 - [ERROR] - from application in play-internal-execution-context-10 


! @6h90ld588 - Internal server error, for (GET) [/jouer/informations?i=7&j=9] ->

play.api.Application$$anon$1: Execution exception[[NullPointerException: null]]
	at play.api.Application$class.handleError(Application.scala:293) ~[play_2.10.jar:2.2.1]
	at play.api.DefaultApplication.handleError(Application.scala:399) ~[play_2.10.jar:2.2.1]
	at play.core.server.netty.PlayDefaultUpstreamHandler$$anonfun$2$$anonfun$applyOrElse$3.apply(PlayDefaultUpstreamHandler.scala:261) ~[play_2.10.jar:2.2.1]
	at play.core.server.netty.PlayDefaultUpstreamHandler$$anonfun$2$$anonfun$applyOrElse$3.apply(PlayDefaultUpstreamHandler.scala:261) ~[play_2.10.jar:2.2.1]
	at scala.Option.map(Option.scala:145) ~[scala-library.jar:na]
	at play.core.server.netty.PlayDefaultUpstreamHandler$$anonfun$2.applyOrElse(PlayDefaultUpstreamHandler.scala:261) ~[play_2.10.jar:2.2.1]
	at play.core.server.netty.PlayDefaultUpstreamHandler$$anonfun$2.applyOrElse(PlayDefaultUpstreamHandler.scala:257) ~[play_2.10.jar:2.2.1]
	at scala.runtime.AbstractPartialFunction.apply(AbstractPartialFunction.scala:33) ~[scala-library.jar:na]
	at scala.concurrent.Future$$anonfun$recoverWith$1.apply(Future.scala:411) ~[scala-library.jar:na]
	at scala.concurrent.Future$$anonfun$recoverWith$1.apply(Future.scala:408) ~[scala-library.jar:na]
	at scala.concurrent.impl.CallbackRunnable.run(Promise.scala:29) ~[scala-library.jar:na]
	at play.api.libs.iteratee.Execution$$anon$1.execute(Execution.scala:43) ~[play-iteratees_2.10.jar:2.2.1]
	at scala.concurrent.impl.CallbackRunnable.executeWithValue(Promise.scala:37) ~[scala-library.jar:na]
	at scala.concurrent.impl.Promise$DefaultPromise.tryComplete(Promise.scala:133) ~[scala-library.jar:na]
	at scala.concurrent.Promise$class.complete(Promise.scala:55) ~[scala-library.jar:na]
	at scala.concurrent.impl.Promise$DefaultPromise.complete(Promise.scala:58) ~[scala-library.jar:na]
	at scala.concurrent.Future$$anonfun$map$1.apply(Future.scala:254) ~[scala-library.jar:na]
	at scala.concurrent.Future$$anonfun$map$1.apply(Future.scala:249) ~[scala-library.jar:na]
	at scala.concurrent.impl.CallbackRunnable.run(Promise.scala:29) ~[scala-library.jar:na]
	at scala.concurrent.forkjoin.ForkJoinTask$AdaptedRunnableAction.exec(ForkJoinTask.java:1361) ~[scala-library.jar:na]
	at scala.concurrent.forkjoin.ForkJoinTask.doExec(ForkJoinTask.java:260) ~[scala-library.jar:na]
	at scala.concurrent.forkjoin.ForkJoinPool$WorkQueue.runTask(ForkJoinPool.java:1339) ~[scala-library.jar:na]
	at scala.concurrent.forkjoin.ForkJoinPool.runWorker(ForkJoinPool.java:1979) ~[scala-library.jar:na]
	at scala.concurrent.forkjoin.ForkJoinWorkerThread.run(ForkJoinWorkerThread.java:107) ~[scala-library.jar:na]
Caused by: java.lang.NullPointerException: null
	at views.html.plateau$$anonfun$apply$1$$anonfun$apply$2.apply(plateau.template.scala:45) ~[na:na]
	at views.html.plateau$$anonfun$apply$1$$anonfun$apply$2.apply(plateau.template.scala:41) ~[na:na]
	at scala.collection.TraversableLike$$anonfun$map$1.apply(TraversableLike.scala:244) ~[scala-library.jar:na]
	at scala.collection.TraversableLike$$anonfun$map$1.apply(TraversableLike.scala:244) ~[scala-library.jar:na]
	at scala.collection.IndexedSeqOptimized$class.foreach(IndexedSeqOptimized.scala:33) ~[scala-library.jar:na]
	at scala.collection.mutable.ArrayOps$ofRef.foreach(ArrayOps.scala:108) ~[scala-library.jar:na]
	at scala.collection.TraversableLike$class.map(TraversableLike.scala:244) ~[scala-library.jar:na]
	at scala.collection.mutable.ArrayOps$ofRef.map(ArrayOps.scala:108) ~[scala-library.jar:na]
	at views.html.plateau$$anonfun$apply$1.apply(plateau.template.scala:41) ~[na:na]
	at views.html.plateau$$anonfun$apply$1.apply(plateau.template.scala:39) ~[na:na]
	at scala.collection.TraversableLike$$anonfun$map$1.apply(TraversableLike.scala:244) ~[scala-library.jar:na]
	at scala.collection.TraversableLike$$anonfun$map$1.apply(TraversableLike.scala:244) ~[scala-library.jar:na]
	at scala.collection.IndexedSeqOptimized$class.foreach(IndexedSeqOptimized.scala:33) ~[scala-library.jar:na]
	at scala.collection.mutable.ArrayOps$ofRef.foreach(ArrayOps.scala:108) ~[scala-library.jar:na]
	at scala.collection.TraversableLike$class.map(TraversableLike.scala:244) ~[scala-library.jar:na]
	at scala.collection.mutable.ArrayOps$ofRef.map(ArrayOps.scala:108) ~[scala-library.jar:na]
	at views.html.plateau$.apply(plateau.template.scala:39) ~[na:na]
	at views.html.plateau$.render(plateau.template.scala:100) ~[na:na]
	at views.html.plateau.render(plateau.template.scala) ~[na:na]
	at controllers.Application.info(Application.java:28) ~[na:na]
	at Routes$$anonfun$routes$1$$anonfun$applyOrElse$3$$anonfun$apply$3.apply(routes_routing.scala:81) ~[na:na]
	at Routes$$anonfun$routes$1$$anonfun$applyOrElse$3$$anonfun$apply$3.apply(routes_routing.scala:81) ~[na:na]
	at play.core.Router$HandlerInvoker$$anon$7$$anon$2.invocation(Router.scala:183) ~[play_2.10.jar:2.2.1]
	at play.core.Router$Routes$$anon$1.invocation(Router.scala:377) ~[play_2.10.jar:2.2.1]
	at play.core.j.JavaAction$$anon$1.call(JavaAction.scala:56) ~[play_2.10.jar:2.2.1]
	at play.core.j.JavaAction$$anon$3.apply(JavaAction.scala:91) ~[play_2.10.jar:2.2.1]
	at play.core.j.JavaAction$$anon$3.apply(JavaAction.scala:90) ~[play_2.10.jar:2.2.1]
	at play.core.j.FPromiseHelper$$anonfun$flatMap$1.apply(FPromiseHelper.scala:82) ~[play_2.10.jar:2.2.1]
	at play.core.j.FPromiseHelper$$anonfun$flatMap$1.apply(FPromiseHelper.scala:82) ~[play_2.10.jar:2.2.1]
	at scala.concurrent.Future$$anonfun$flatMap$1.apply(Future.scala:278) ~[scala-library.jar:na]
	at scala.concurrent.Future$$anonfun$flatMap$1.apply(Future.scala:274) ~[scala-library.jar:na]
	at scala.concurrent.impl.CallbackRunnable.run(Promise.scala:29) ~[scala-library.jar:na]
	at play.core.j.HttpExecutionContext$$anon$2.run(HttpExecutionContext.scala:37) ~[play_2.10.jar:2.2.1]
	at akka.dispatch.TaskInvocation.run(AbstractDispatcher.scala:42) ~[akka-actor_2.10.jar:2.2.0]
	at akka.dispatch.ForkJoinExecutorConfigurator$AkkaForkJoinTask.exec(AbstractDispatcher.scala:386) ~[akka-actor_2.10.jar:2.2.0]
	... 4 common frames omitted

2014-02-13 13:07:40,374 - [INFO] - from play in play-internal-execution-context-10 
Application started (Dev)

2014-02-13 13:09:56,273 - [INFO] - from play in play-internal-execution-context-11 
Application started (Dev)

